<?xml version="1.0" encoding="UTF-8"?>
<mule xmlns="http://www.mulesoft.org/schema/mule/core" xmlns:google-analytics="http://www.mulesoft.org/schema/mule/google-analytics" xmlns:xsi="http://www.w3.org/2001/XMLSchema-instance" xsi:schemaLocation="http://www.mulesoft.org/schema/mule/core http://www.mulesoft.org/schema/mule/core/current/mule.xsd           http://www.mulesoft.org/schema/mule/google-analytics http://www.mulesoft.org/schema/mule/google-analytics/current/mule-google-analytics.xsd">
   <google-analytics:config name="Google_Analytics_Config1">
      <google-analytics:connection clientId="75750945706-knc27udb7ul15n4v4b1hh4bvg342r0mi.apps.googleusercontent.com" clientSecret="HtxuqXvBfDj3CDFxErGWEfQk" domain="localhost" port="8080" applicationName="Hello Analytics">
         <reconnection />
      </google-analytics:connection>
   </google-analytics:config>
   <flow name="generateReportFlow">
      <google-analytics:generate-report config-ref="Google_Analytics_Config1" profileId="UA-132217642-1" startDate="7daysAgo" endDate="today" samplingLevel="FASTER" startIndex="1" maxResults="10" output="JSON">
         <google-analytics:metrix-parameters>
            <google-analytics:metrics-parameter value="Sessions" />
            <google-analytics:metrics-parameter value="Bounces" />
         </google-analytics:metrix-parameters>
         <google-analytics:dimension-parameters>
            <google-analytics:dimension-parameter value="Country"/>
         </google-analytics:dimension-parameters>
         <google-analytics:filter-parameter>
             <google-analytics:filter-params>
               <google-analytics:filter-parameter-type key="Sessions" operator="GreaterThan" value="1" operation="AND" />
            </google-analytics:filter-params> 
         </google-analytics:filter-parameter>
         <google-analytics:segmentparameter >
				<google-analytics:segmentparams >
					<google-analytics:segment-parameter-type segmentKey="Users" segmentType="Condition" segmentFilter="Sessions" segmentOpertor="GreaterThan" segmentValue="1" />
				</google-analytics:segmentparams>
			</google-analytics:segmentparameter>
      </google-analytics:generate-report>
   </flow>
</mule>
